<?xml version="1.0" encoding="UTF-8"?>
<testsuite xmlns:xsi="http://www.w3.org/2001/XMLSchema-instance" xsi:noNamespaceSchemaLocation="https://maven.apache.org/surefire/maven-surefire-plugin/xsd/surefire-test-report-3.0.xsd" version="3.0" name="com.bilarn.cucumber.RunCucumberTest" time="0.2" tests="1" errors="0" skipped="0" failures="0">
  <properties>
[...]
</properties>
  <testcase name="Example #1" classname="Examples" time="0.067">
    <system-out><![CDATA[
Scenario Outline: Addition of numbers &amp#27;[90m# com/bilarn/cucumber/scenario.feature:10&amp#27;[0m
  &amp#27;[32mGiven &amp#27;[0m&amp#27;[32mx=&amp#27;[0m&amp#27;[32m&amp#27;[1m3&amp#27;[0m                           &amp#27;[90m# com.bilarn.cucumber.StepDefinitions.x(java.lang.Integer)&amp#27;[0m
  &amp#27;[32mAnd &amp#27;[0m&amp#27;[32my=&amp#27;[0m&amp#27;[32m&amp#27;[1m2&amp#27;[0m                             &amp#27;[90m# com.bilarn.cucumber.StepDefinitions.y(java.lang.Integer)&amp#27;[0m
  &amp#27;[32mWhen &amp#27;[0m&amp#27;[32mI add up x and y&amp#27;[0m               &amp#27;[90m# com.bilarn.cucumber.StepDefinitions.i_add_up_x_and_y()&amp#27;[0m
  &amp#27;[32mThen &amp#27;[0m&amp#27;[32mI should get result as &amp#27;[0m&amp#27;[32m&amp#27;[1m5&amp#27;[0m       &amp#27;[90m# com.bilarn.cucumber.StepDefinitions.i_should_get_result_as(java.lang.Integer)&amp#27;[0m
]]></system-out>
  </testcase>
</testsuite>